#
# A fatal error has been detected by the Java Runtime Environment:
#
#  SIGBUS (0xa) at pc=0x000000010350ee92, pid=48265, tid=0x0000000000000307
#
# JRE version: Java(TM) SE Runtime Environment (8.0_172-b11) (build 1.8.0_172-b11)
# Java VM: Java HotSpot(TM) 64-Bit Server VM (25.172-b11 mixed mode bsd-amd64 compressed oops)
# Problematic frame:
# C  [libzip.dylib+0x2e92]  newEntry+0x154
#
# Failed to write core dump. Core dumps have been disabled. To enable core dumping, try "ulimit -c unlimited" before starting Java again
#
# If you would like to submit a bug report, please visit:
#   http://bugreport.java.com/bugreport/crash.jsp
# The crash happened outside the Java Virtual Machine in native code.
# See problematic frame for where to report the bug.
#

---------------  T H R E A D  ---------------

Current thread (0x00007f997c801800):  JavaThread "main" [_thread_in_native, id=775, stack(0x00007ffeebfed000,0x00007ffeec7ed000)]

siginfo: si_signo: 10 (SIGBUS), si_code: 2 (BUS_ADRERR), si_addr: 0x000000012a0eec28

Registers:
RAX=0x00007f997bf21ec0, RBX=0x000000012a0eec1c, RCX=0x0000000000000001, RDX=0x0000000000000000
RSP=0x00007ffeec7e7850, RBP=0x00007ffeec7e78b0, RSI=0x000000007fffffff, RDI=0x0000000000000460
R8 =0x0000000097bd4623, R9 =0x0000000000000004, R10=0x00000000fffffff8, R11=0x00007f997bd00000
R12=0x00007f997d865200, R13=0x0000000000000bd0, R14=0x00000000bd5ca8a1, R15=0x00007f997bd3d9d0
RIP=0x000000010350ee92, EFLAGS=0x0000000000010202, ERR=0x0000000000000004
  TRAPNO=0x000000000000000e

Top of Stack: (sp=0x00007ffeec7e7850)
0x00007ffeec7e7850:   00007ffeec7e7880 000000000424e712
0x00007ffeec7e7860:   00007ffeec7e7890 000000010510ed3d
0x00007ffeec7e7870:   00007ffeec7e7890 00007f997bf21ec0
0x00007ffeec7e7880:   00007f997bd461e0 00007f997bf21ec0
0x00007ffeec7e7890:   00007f997d865200 0000000000000bd0
0x00007ffeec7e78a0:   00000000bd5ca8a1 00007f997bd3d9d0
0x00007ffeec7e78b0:   00007ffeec7e7910 000000010350f52d
0x00007ffeec7e78c0:   00007ffeec7e797b 00007ffeec7e797a
0x00007ffeec7e78d0:   0000004b00000000 0000004c01801800
0x00007ffeec7e78e0:   00007ffeec7e792e 00007ffeec7e7d78
0x00007ffeec7e78f0:   000000000000004c 00007ffeec7e792e
0x00007ffeec7e7900:   00007f997bf21ec0 00007f997c8019f8
0x00007ffeec7e7910:   00007ffeec7e7d60 000000010350e238
0x00007ffeec7e7920:   ffffffffffffffff 7571000100000001
0x00007ffeec7e7930:   62694c2f6d75726f 442f736569726172
0x00007ffeec7e7940:   656d706f6c657665 7269766e452f746e
0x00007ffeec7e7950:   532f746e656d6e6f 6e492f6f69647574
0x00007ffeec7e7960:   2f65636166726574 656c626169726156
0x00007ffeec7e7970:   616c632e62615473 00007ffeec007373
0x00007ffeec7e7980:   0000000104fbca90 0000000000000000
0x00007ffeec7e7990:   0000000715f5ba78 000000072737fbd0
0x00007ffeec7e79a0:   00007ffeec7e79f0 00007fff587e98eb
0x00007ffeec7e79b0:   00007ffeec7e7af0 0000000126fe88c9
0x00007ffeec7e79c0:   00007ffeec7e7f40 00000001050c3c54
0x00007ffeec7e79d0:   000000010461c84a 0000000000000000
0x00007ffeec7e79e0:   0000000000000054 00007fff587f38ac
0x00007ffeec7e79f0:   00007ffeec7e7d70 00007fff587f3770
0x00007ffeec7e7a00:   000000072737f410 00000007a258560e
0x00007ffeec7e7a10:   0000000715f5ba60 0000000000000000
0x00007ffeec7e7a20:   00000007274fcba8 00007ffeec7e7a28
0x00007ffeec7e7a30:   00007ffeec7e7f40 00000001050d62c4
0x00007ffeec7e7a40:   0000000000000001 0000000000000000 

Instructions: (pc=0x000000010350ee92)
0x000000010350ee72:   49 8b 7f 38 e8 5b 1b 00 00 4d 89 77 38 49 89 5f
0x000000010350ee82:   40 4c 89 f0 48 85 c0 0f 84 11 05 00 00 48 89 c3
0x000000010350ee92:   0f b6 43 0c 0f b6 4b 0d 48 c1 e1 08 48 01 c1 0f
0x000000010350eea2:   b6 43 0e 0f b6 53 0f 48 c1 e2 08 48 01 c2 48 c1 

Register to memory mapping:

RAX=0x00007f997bf21ec0 is an unknown value
RBX=0x000000012a0eec1c is an unknown value
RCX=0x0000000000000001 is an unknown value
RDX=0x0000000000000000 is an unknown value
RSP=0x00007ffeec7e7850 is pointing into the stack for thread: 0x00007f997c801800
RBP=0x00007ffeec7e78b0 is pointing into the stack for thread: 0x00007f997c801800
RSI=0x000000007fffffff is an unknown value
RDI=0x0000000000000460 is an unknown value
R8 =0x0000000097bd4623 is an unknown value
R9 =0x0000000000000004 is an unknown value
R10=0x00000000fffffff8 is an unknown value
R11=0x00007f997bd00000 is an unknown value
R12=0x00007f997d865200 is an unknown value
R13=0x0000000000000bd0 is an unknown value
R14=0x00000000bd5ca8a1 is an unknown value
R15=0x00007f997bd3d9d0 is an unknown value


Stack: [0x00007ffeebfed000,0x00007ffeec7ed000],  sp=0x00007ffeec7e7850,  free space=8170k
Native frames: (J=compiled Java code, j=interpreted, Vv=VM code, C=native code)
C  [libzip.dylib+0x2e92]  newEntry+0x154
C  [libzip.dylib+0x352d]  ZIP_GetEntry2+0xd4
C  [libzip.dylib+0x2238]  Java_java_util_zip_ZipFile_getEntry+0xcf
J 113  java.util.zip.ZipFile.getEntry(J[BZ)J (0 bytes) @ 0x00000001050f9e4e [0x00000001050f9d80+0xce]
J 119 C1 java.util.zip.ZipFile.getEntry(Ljava/lang/String;)Ljava/util/zip/ZipEntry; (101 bytes) @ 0x00000001050fb0cc [0x00000001050fae60+0x26c]
J 82 C1 sun.misc.URLClassPath$JarLoader.getResource(Ljava/lang/String;Z)Lsun/misc/Resource; (85 bytes) @ 0x00000001050ec984 [0x00000001050ec720+0x264]
J 171 C1 sun.misc.URLClassPath.getResource(Ljava/lang/String;Z)Lsun/misc/Resource; (83 bytes) @ 0x000000010511bf6c [0x000000010511be00+0x16c]
J 196 C1 java.net.URLClassLoader$1.run()Ljava/lang/Class; (63 bytes) @ 0x000000010512c3fc [0x000000010512c1e0+0x21c]
J 195 C1 java.net.URLClassLoader$1.run()Ljava/lang/Object; (5 bytes) @ 0x000000010512be4c [0x000000010512bdc0+0x8c]
v  ~StubRoutines::call_stub
V  [libjvm.dylib+0x2f0b3a]  JavaCalls::call_helper(JavaValue*, methodHandle*, JavaCallArguments*, Thread*)+0x6ae
V  [libjvm.dylib+0x351468]  JVM_DoPrivileged+0x4b8
J 140  java.security.AccessController.doPrivileged(Ljava/security/PrivilegedExceptionAction;Ljava/security/AccessControlContext;)Ljava/lang/Object; (0 bytes) @ 0x0000000105108815 [0x0000000105108740+0xd5]
J 162 C1 java.net.URLClassLoader.findClass(Ljava/lang/String;)Ljava/lang/Class; (47 bytes) @ 0x000000010511a054 [0x0000000105119ec0+0x194]
J 148 C1 java.lang.ClassLoader.loadClass(Ljava/lang/String;Z)Ljava/lang/Class; (122 bytes) @ 0x000000010510d624 [0x000000010510ccc0+0x964]
j  sun.misc.Launcher$AppClassLoader.loadClass(Ljava/lang/String;Z)Ljava/lang/Class;+81
j  java.lang.ClassLoader.loadClass(Ljava/lang/String;)Ljava/lang/Class;+3
v  ~StubRoutines::call_stub
V  [libjvm.dylib+0x2f0b3a]  JavaCalls::call_helper(JavaValue*, methodHandle*, JavaCallArguments*, Thread*)+0x6ae
V  [libjvm.dylib+0x2f12de]  JavaCalls::call_virtual(JavaValue*, KlassHandle, Symbol*, Symbol*, JavaCallArguments*, Thread*)+0x164
V  [libjvm.dylib+0x2f1436]  JavaCalls::call_virtual(JavaValue*, Handle, KlassHandle, Symbol*, Symbol*, Handle, Thread*)+0x56
V  [libjvm.dylib+0x5417e6]  SystemDictionary::load_instance_class(Symbol*, Handle, Thread*)+0x2d8
V  [libjvm.dylib+0x540fae]  SystemDictionary::resolve_instance_class_or_null(Symbol*, Handle, Handle, Thread*)+0x484
V  [libjvm.dylib+0x541a02]  SystemDictionary::resolve_or_null(Symbol*, Handle, Handle, Thread*)+0x106
V  [libjvm.dylib+0x5420b5]  SystemDictionary::resolve_or_fail(Symbol*, Handle, Handle, bool, Thread*)+0x31
V  [libjvm.dylib+0x1e4a36]  ConstantPool::klass_at_impl(constantPoolHandle, int, Thread*)+0x2ee
V  [libjvm.dylib+0x455696]  ConstantPool::klass_at(int, Thread*)+0x92
V  [libjvm.dylib+0x2ec52d]  InterpreterRuntime::_new(JavaThread*, ConstantPool*, int)+0x2d
j  quorum.Libraries.Development.Environment.Studio.OutputEditorTabPane.<init>()V+146
j  quorum.Libraries.Development.Environment.Studio.QuorumStudio.<init>()V+107
j  quorum.Main.<init>()V+26
j  quorum.Main.main([Ljava/lang/String;)V+8
v  ~StubRoutines::call_stub
V  [libjvm.dylib+0x2f0b3a]  JavaCalls::call_helper(JavaValue*, methodHandle*, JavaCallArguments*, Thread*)+0x6ae
V  [libjvm.dylib+0x327ac9]  jni_invoke_static(JNIEnv_*, JavaValue*, _jobject*, JNICallType, _jmethodID*, JNI_ArgumentPusher*, Thread*)+0x1bf
V  [libjvm.dylib+0x320855]  jni_CallStaticVoidMethod+0x15d
C  [java+0x38ca]  JavaMain+0x9c4
C  [java+0x57f2]  __JVMInit_block_invoke_1+0x51
C  [Foundation+0x3c5df]  __NSBLOCKOPERATION_IS_CALLING_OUT_TO_A_BLOCK__+0x7
C  [Foundation+0x3c441]  -[NSBlockOperation main]+0x44
C  [Foundation+0x3a8ee]  -[__NSOperationInternal _start:]+0x30a
C  [Foundation+0x682b5]  __NSThreadPerformPerform+0x14e
C  [CoreFoundation+0xa3a61]  __CFRUNLOOP_IS_CALLING_OUT_TO_A_SOURCE0_PERFORM_FUNCTION__+0x11
C  [CoreFoundation+0x15d47c]  __CFRunLoopDoSource0+0x6c
C  [CoreFoundation+0x864c0]  __CFRunLoopDoSources0+0xd0
C  [CoreFoundation+0x8593d]  __CFRunLoopRun+0x50d
C  [CoreFoundation+0x851a3]  CFRunLoopRunSpecific+0x1e3
C  [java+0x6472]  CreateExecutionEnvironment+0x367
C  [java+0x207c]  JLI_Launch+0x7a0
C  [java+0x84cf]  main+0x65
C  [java+0x18d4]  start+0x34
C  0x0000000000000005

Java frames: (J=compiled Java code, j=interpreted, Vv=VM code)
J 113  java.util.zip.ZipFile.getEntry(J[BZ)J (0 bytes) @ 0x00000001050f9dd8 [0x00000001050f9d80+0x58]
J 119 C1 java.util.zip.ZipFile.getEntry(Ljava/lang/String;)Ljava/util/zip/ZipEntry; (101 bytes) @ 0x00000001050fb0cc [0x00000001050fae60+0x26c]
J 82 C1 sun.misc.URLClassPath$JarLoader.getResource(Ljava/lang/String;Z)Lsun/misc/Resource; (85 bytes) @ 0x00000001050ec984 [0x00000001050ec720+0x264]
J 171 C1 sun.misc.URLClassPath.getResource(Ljava/lang/String;Z)Lsun/misc/Resource; (83 bytes) @ 0x000000010511bf6c [0x000000010511be00+0x16c]
J 196 C1 java.net.URLClassLoader$1.run()Ljava/lang/Class; (63 bytes) @ 0x000000010512c3fc [0x000000010512c1e0+0x21c]
J 195 C1 java.net.URLClassLoader$1.run()Ljava/lang/Object; (5 bytes) @ 0x000000010512be4c [0x000000010512bdc0+0x8c]
v  ~StubRoutines::call_stub
J 140  java.security.AccessController.doPrivileged(Ljava/security/PrivilegedExceptionAction;Ljava/security/AccessControlContext;)Ljava/lang/Object; (0 bytes) @ 0x00000001051087a3 [0x0000000105108740+0x63]
J 162 C1 java.net.URLClassLoader.findClass(Ljava/lang/String;)Ljava/lang/Class; (47 bytes) @ 0x000000010511a054 [0x0000000105119ec0+0x194]
J 148 C1 java.lang.ClassLoader.loadClass(Ljava/lang/String;Z)Ljava/lang/Class; (122 bytes) @ 0x000000010510d624 [0x000000010510ccc0+0x964]
j  sun.misc.Launcher$AppClassLoader.loadClass(Ljava/lang/String;Z)Ljava/lang/Class;+81
j  java.lang.ClassLoader.loadClass(Ljava/lang/String;)Ljava/lang/Class;+3
v  ~StubRoutines::call_stub
j  quorum.Libraries.Development.Environment.Studio.OutputEditorTabPane.<init>()V+146
j  quorum.Libraries.Development.Environment.Studio.QuorumStudio.<init>()V+107
j  quorum.Main.<init>()V+26
j  quorum.Main.main([Ljava/lang/String;)V+8
v  ~StubRoutines::call_stub

---------------  P R O C E S S  ---------------

Java Threads: ( => current thread )
  0x00007f997d85a800 JavaThread "Service Thread" daemon [_thread_blocked, id=17155, stack(0x000070000de30000,0x000070000df30000)]
  0x00007f997d038800 JavaThread "C1 CompilerThread2" daemon [_thread_blocked, id=17667, stack(0x000070000dd2d000,0x000070000de2d000)]
  0x00007f997c82a000 JavaThread "C2 CompilerThread1" daemon [_thread_blocked, id=17923, stack(0x000070000dc2a000,0x000070000dd2a000)]
  0x00007f997c013000 JavaThread "C2 CompilerThread0" daemon [_thread_blocked, id=18435, stack(0x000070000db27000,0x000070000dc27000)]
  0x00007f997c002800 JavaThread "Signal Dispatcher" daemon [_thread_blocked, id=12811, stack(0x000070000da24000,0x000070000db24000)]
  0x00007f997d016000 JavaThread "Finalizer" daemon [_thread_blocked, id=20995, stack(0x000070000d921000,0x000070000da21000)]
  0x00007f997d80c800 JavaThread "Reference Handler" daemon [_thread_blocked, id=11523, stack(0x000070000d81e000,0x000070000d91e000)]
=>0x00007f997c801800 JavaThread "main" [_thread_in_native, id=775, stack(0x00007ffeebfed000,0x00007ffeec7ed000)]

Other Threads:
  0x00007f997c802000 VMThread [stack: 0x000070000d71b000,0x000070000d81b000] [id=21507]
  0x00007f997c833000 WatcherThread [stack: 0x000070000df33000,0x000070000e033000] [id=16643]

VM state:not at safepoint (normal execution)

VM Mutex/Monitor currently owned by a thread: None

Heap:
 PSYoungGen      total 153088K, used 10526K [0x0000000715580000, 0x0000000720000000, 0x00000007c0000000)
  eden space 131584K, 8% used [0x0000000715580000,0x0000000715fc7b98,0x000000071d600000)
  from space 21504K, 0% used [0x000000071eb00000,0x000000071eb00000,0x0000000720000000)
  to   space 21504K, 0% used [0x000000071d600000,0x000000071d600000,0x000000071eb00000)
 ParOldGen       total 349696K, used 0K [0x00000005c0000000, 0x00000005d5580000, 0x0000000715580000)
  object space 349696K, 0% used [0x00000005c0000000,0x00000005c0000000,0x00000005d5580000)
 Metaspace       used 6194K, capacity 7734K, committed 7936K, reserved 1056768K
  class space    used 576K, capacity 678K, committed 768K, reserved 1048576K

Card table byte_map: [0x0000000114375000,0x0000000115376000] byte_map_base: 0x0000000111575000

Marking Bits: (ParMarkBitMap*) 0x00000001048faae0
 Begin Bits: [0x0000000115e21000, 0x000000011de21000)
 End Bits:   [0x000000011de21000, 0x0000000125e21000)

Polling page: 0x00000001034c2000

CodeCache: size=245760Kb used=1520Kb max_used=1520Kb free=244239Kb
 bounds [0x0000000104fb5000, 0x0000000105225000, 0x0000000113fb5000]
 total_blobs=474 nmethods=205 adapters=183
 compilation: enabled

Compilation events (10 events):
Event: 0.200 Thread 0x00007f997d038800  201       3       java.util.zip.ZipFile::getZipEntry (251 bytes)
Event: 0.201 Thread 0x00007f997d038800 nmethod 201 0x000000010512f010 code [0x000000010512f260, 0x000000010512fe48]
Event: 0.202 Thread 0x00007f997d038800  202  s    3       sun.misc.URLClassPath::getLookupCache (98 bytes)
Event: 0.202 Thread 0x00007f997d038800 nmethod 202 0x0000000105130290 code [0x0000000105130420, 0x0000000105130998]
Event: 0.205 Thread 0x00007f997d038800  203       3       java.net.URL::toString (5 bytes)
Event: 0.205 Thread 0x00007f997d038800 nmethod 203 0x0000000105130b10 code [0x0000000105130c80, 0x0000000105130f68]
Event: 0.205 Thread 0x00007f997d038800  204       3       java.net.URL::toExternalForm (9 bytes)
Event: 0.205 Thread 0x00007f997d038800 nmethod 204 0x0000000105131050 code [0x00000001051311c0, 0x00000001051313e8]
Event: 0.206 Thread 0x00007f997d038800  205       3       java.lang.ThreadLocal::getMap (5 bytes)
Event: 0.206 Thread 0x00007f997d038800 nmethod 205 0x0000000105131490 code [0x0000000105131600, 0x0000000105131750]

GC Heap History (0 events):
No events

Deoptimization events (0 events):
No events

Classes redefined (0 events):
No events

Internal exceptions (2 events):
Event: 0.028 Thread 0x00007f997c801800 Exception <a 'java/lang/NoSuchMethodError': Method sun.misc.Unsafe.defineClass(Ljava/lang/String;[BII)Ljava/lang/Class; name or signature does not match> (0x0000000715587cb0) thrown at [/Users/java_re/workspace/8-2-build-macosx-x86_64/jdk8u172/10810/hotsp
Event: 0.028 Thread 0x00007f997c801800 Exception <a 'java/lang/NoSuchMethodError': Method sun.misc.Unsafe.prefetchRead(Ljava/lang/Object;J)V name or signature does not match> (0x0000000715587f98) thrown at [/Users/java_re/workspace/8-2-build-macosx-x86_64/jdk8u172/10810/hotspot/src/share/vm/pr

Events (10 events):
Event: 0.204 loading class quorum/Libraries/System/Properties
Event: 0.204 loading class quorum/Libraries/System/Properties done
Event: 0.205 loading class plugins/quorum/Libraries/System/Properties
Event: 0.205 loading class plugins/quorum/Libraries/System/Properties done
Event: 0.205 loading class plugins/quorum/Libraries/Language/Types/Text
Event: 0.205 loading class plugins/quorum/Libraries/Language/Types/Text done
Event: 0.207 loading class quorum/Libraries/Interface/Layouts/FlowLayout
Event: 0.207 loading class quorum/Libraries/Interface/Layouts/FlowLayout done
Event: 0.207 loading class quorum/Libraries/Development/Environment/Studio/Interface/VariablesTab
Event: 0.207 loading class quorum/Libraries/Development/Environment/Studio/Interface/VariablesTab done


Dynamic libraries:
0x00007fff2fc0c000 	/System/Library/Frameworks/Cocoa.framework/Versions/A/Cocoa
0x00007fff3c1e3000 	/System/Library/Frameworks/Security.framework/Versions/A/Security
0x00007fff2e850000 	/System/Library/Frameworks/ApplicationServices.framework/Versions/A/ApplicationServices
0x00007fff58544000 	/usr/lib/libz.1.dylib
0x00007fff5647f000 	/usr/lib/libSystem.B.dylib
0x00007fff57b2e000 	/usr/lib/libobjc.A.dylib
0x00007fff303c1000 	/System/Library/Frameworks/CoreFoundation.framework/Versions/A/CoreFoundation
0x00007fff32515000 	/System/Library/Frameworks/Foundation.framework/Versions/C/Foundation
0x00007fff2d9a0000 	/System/Library/Frameworks/AppKit.framework/Versions/C/AppKit
0x00007fff2ff84000 	/System/Library/Frameworks/CoreData.framework/Versions/A/CoreData
0x00007fff4fdd3000 	/System/Library/PrivateFrameworks/RemoteViewServices.framework/Versions/A/RemoteViewServices
0x00007fff54524000 	/System/Library/PrivateFrameworks/UIFoundation.framework/Versions/A/UIFoundation
0x00007fff44c35000 	/System/Library/PrivateFrameworks/DFRFoundation.framework/Versions/A/DFRFoundation
0x00007fff34b59000 	/System/Library/Frameworks/Metal.framework/Versions/A/Metal
0x00007fff44dd2000 	/System/Library/PrivateFrameworks/DesktopServicesPriv.framework/Versions/A/DesktopServicesPriv
0x00007fff57084000 	/usr/lib/libenergytrace.dylib
0x00007fff52599000 	/System/Library/PrivateFrameworks/SkyLight.framework/Versions/A/SkyLight
0x00007fff30864000 	/System/Library/Frameworks/CoreGraphics.framework/Versions/A/CoreGraphics
0x00007fff5647a000 	/usr/lib/libScreenReader.dylib
0x00007fff2c93b000 	/System/Library/Frameworks/Accelerate.framework/Versions/A/Accelerate
0x00007fff32c8e000 	/System/Library/Frameworks/IOSurface.framework/Versions/A/IOSurface
0x00007fff2ed9a000 	/System/Library/Frameworks/AudioToolbox.framework/Versions/A/AudioToolbox
0x00007fff2f029000 	/System/Library/Frameworks/AudioUnit.framework/Versions/A/AudioUnit
0x00007fff44ccd000 	/System/Library/PrivateFrameworks/DataDetectorsCore.framework/Versions/A/DataDetectorsCore
0x00007fff2f6ff000 	/System/Library/Frameworks/Carbon.framework/Versions/A/Frameworks/HIToolbox.framework/Versions/A/HIToolbox
0x00007fff571de000 	/usr/lib/libicucore.A.dylib
0x00007fff3b764000 	/System/Library/Frameworks/QuartzCore.framework/Versions/A/QuartzCore
0x00007fff51850000 	/System/Library/PrivateFrameworks/SignpostNotification.framework/Versions/A/SignpostNotification
0x00007fff2fae5000 	/System/Library/Frameworks/Carbon.framework/Versions/A/Frameworks/SpeechRecognition.framework/Versions/A/SpeechRecognition
0x00007fff565db000 	/usr/lib/libauto.dylib
0x00007fff58433000 	/usr/lib/libxml2.2.dylib
0x00007fff44888000 	/System/Library/PrivateFrameworks/CoreUI.framework/Versions/A/CoreUI
0x00007fff2fe60000 	/System/Library/Frameworks/CoreAudio.framework/Versions/A/CoreAudio
0x00007fff3234f000 	/System/Library/Frameworks/DiskArbitration.framework/Versions/A/DiskArbitration
0x00007fff57452000 	/usr/lib/liblangid.dylib
0x00007fff4c2e3000 	/System/Library/PrivateFrameworks/MultitouchSupport.framework/Versions/A/MultitouchSupport
0x00007fff32bf1000 	/System/Library/Frameworks/IOKit.framework/Versions/A/IOKit
0x00007fff56109000 	/usr/lib/libDiagnosticMessagesClient.dylib
0x00007fff3152d000 	/System/Library/Frameworks/CoreServices.framework/Versions/A/CoreServices
0x00007fff4de11000 	/System/Library/PrivateFrameworks/PerformanceAnalysis.framework/Versions/A/PerformanceAnalysis
0x00007fff3a906000 	/System/Library/Frameworks/OpenGL.framework/Versions/A/OpenGL
0x00007fff2fc1a000 	/System/Library/Frameworks/ColorSync.framework/Versions/A/ColorSync
0x00007fff30e76000 	/System/Library/Frameworks/CoreImage.framework/Versions/A/CoreImage
0x00007fff31ebd000 	/System/Library/Frameworks/CoreText.framework/Versions/A/CoreText
0x00007fff32cec000 	/System/Library/Frameworks/ImageIO.framework/Versions/A/ImageIO
0x00007fff40fd0000 	/System/Library/PrivateFrameworks/Backup.framework/Versions/A/Backup
0x00007fff5652b000 	/usr/lib/libarchive.2.dylib
0x00007fff2f34b000 	/System/Library/Frameworks/CFNetwork.framework/Versions/A/CFNetwork
0x00007fff3c973000 	/System/Library/Frameworks/SystemConfiguration.framework/Versions/A/SystemConfiguration
0x00007fff56032000 	/usr/lib/libCRFSuite.dylib
0x00007fff566b4000 	/usr/lib/libc++.1.dylib
0x00007fff5670b000 	/usr/lib/libc++abi.dylib
0x00007fff585f2000 	/usr/lib/system/libcache.dylib
0x00007fff585f7000 	/usr/lib/system/libcommonCrypto.dylib
0x00007fff58602000 	/usr/lib/system/libcompiler_rt.dylib
0x00007fff5860a000 	/usr/lib/system/libcopyfile.dylib
0x00007fff58614000 	/usr/lib/system/libcorecrypto.dylib
0x00007fff58721000 	/usr/lib/system/libdispatch.dylib
0x00007fff5875b000 	/usr/lib/system/libdyld.dylib
0x00007fff58779000 	/usr/lib/system/libkeymgr.dylib
0x00007fff58787000 	/usr/lib/system/liblaunch.dylib
0x00007fff58788000 	/usr/lib/system/libmacho.dylib
0x00007fff5878d000 	/usr/lib/system/libquarantine.dylib
0x00007fff58790000 	/usr/lib/system/libremovefile.dylib
0x00007fff58792000 	/usr/lib/system/libsystem_asl.dylib
0x00007fff587aa000 	/usr/lib/system/libsystem_blocks.dylib
0x00007fff587ab000 	/usr/lib/system/libsystem_c.dylib
0x00007fff58835000 	/usr/lib/system/libsystem_configuration.dylib
0x00007fff58839000 	/usr/lib/system/libsystem_coreservices.dylib
0x00007fff5883d000 	/usr/lib/system/libsystem_darwin.dylib
0x00007fff5883f000 	/usr/lib/system/libsystem_dnssd.dylib
0x00007fff58846000 	/usr/lib/system/libsystem_info.dylib
0x00007fff588b7000 	/usr/lib/system/libsystem_m.dylib
0x00007fff58903000 	/usr/lib/system/libsystem_malloc.dylib
0x00007fff58923000 	/usr/lib/system/libsystem_network.dylib
0x00007fff58a54000 	/usr/lib/system/libsystem_networkextension.dylib
0x00007fff58a5f000 	/usr/lib/system/libsystem_notify.dylib
0x00007fff58a7d000 	/usr/lib/system/libsystem_sandbox.dylib
0x00007fff58a81000 	/usr/lib/system/libsystem_secinit.dylib
0x00007fff58890000 	/usr/lib/system/libsystem_kernel.dylib
0x00007fff58a69000 	/usr/lib/system/libsystem_platform.dylib
0x00007fff58a71000 	/usr/lib/system/libsystem_pthread.dylib
0x00007fff58a83000 	/usr/lib/system/libsystem_symptoms.dylib
0x00007fff58a8b000 	/usr/lib/system/libsystem_trace.dylib
0x00007fff58aa0000 	/usr/lib/system/libunwind.dylib
0x00007fff58aa6000 	/usr/lib/system/libxpc.dylib
0x00007fff55f45000 	/usr/lib/closure/libclosured.dylib
0x00007fff56695000 	/usr/lib/libbsm.0.dylib
0x00007fff5877a000 	/usr/lib/system/libkxld.dylib
0x00007fff56343000 	/usr/lib/libOpenScriptingUtil.dylib
0x00007fff56a03000 	/usr/lib/libcoretls.dylib
0x00007fff56a1c000 	/usr/lib/libcoretls_cfhelpers.dylib
0x00007fff57f2f000 	/usr/lib/libpam.2.dylib
0x00007fff58056000 	/usr/lib/libsqlite3.dylib
0x00007fff58422000 	/usr/lib/libxar.1.dylib
0x00007fff566a6000 	/usr/lib/libbz2.1.0.dylib
0x00007fff57454000 	/usr/lib/liblzma.5.dylib
0x00007fff57935000 	/usr/lib/libnetwork.dylib
0x00007fff56514000 	/usr/lib/libapple_nghttp2.dylib
0x00007fff57f36000 	/usr/lib/libpcap.A.dylib
0x00007fff565dc000 	/usr/lib/libboringssl.dylib
0x00007fff583bd000 	/usr/lib/libusrtcp.dylib
0x00007fff56513000 	/usr/lib/libapple_crypto.dylib
0x00007fff318b0000 	/System/Library/Frameworks/CoreServices.framework/Versions/A/Frameworks/FSEvents.framework/Versions/A/FSEvents
0x00007fff315a3000 	/System/Library/Frameworks/CoreServices.framework/Versions/A/Frameworks/CarbonCore.framework/Versions/A/CarbonCore
0x00007fff31a77000 	/System/Library/Frameworks/CoreServices.framework/Versions/A/Frameworks/Metadata.framework/Versions/A/Metadata
0x00007fff31b28000 	/System/Library/Frameworks/CoreServices.framework/Versions/A/Frameworks/OSServices.framework/Versions/A/OSServices
0x00007fff31b89000 	/System/Library/Frameworks/CoreServices.framework/Versions/A/Frameworks/SearchKit.framework/Versions/A/SearchKit
0x00007fff3152e000 	/System/Library/Frameworks/CoreServices.framework/Versions/A/Frameworks/AE.framework/Versions/A/AE
0x00007fff318b9000 	/System/Library/Frameworks/CoreServices.framework/Versions/A/Frameworks/LaunchServices.framework/Versions/A/LaunchServices
0x00007fff3187b000 	/System/Library/Frameworks/CoreServices.framework/Versions/A/Frameworks/DictionaryServices.framework/Versions/A/DictionaryServices
0x00007fff31bf8000 	/System/Library/Frameworks/CoreServices.framework/Versions/A/Frameworks/SharedFileList.framework/Versions/A/SharedFileList
0x00007fff35d8f000 	/System/Library/Frameworks/NetFS.framework/Versions/A/NetFS
0x00007fff4c574000 	/System/Library/PrivateFrameworks/NetAuth.framework/Versions/A/NetAuth
0x00007fff55ddc000 	/System/Library/PrivateFrameworks/login.framework/Versions/A/Frameworks/loginsupport.framework/Versions/A/loginsupport
0x00007fff541a5000 	/System/Library/PrivateFrameworks/TCC.framework/Versions/A/TCC
0x00007fff57535000 	/usr/lib/libmecabra.dylib
0x00007fff2e851000 	/System/Library/Frameworks/ApplicationServices.framework/Versions/A/Frameworks/ATS.framework/Versions/A/ATS
0x00007fff2ebff000 	/System/Library/Frameworks/ApplicationServices.framework/Versions/A/Frameworks/ColorSyncLegacy.framework/Versions/A/ColorSyncLegacy
0x00007fff2eca3000 	/System/Library/Frameworks/ApplicationServices.framework/Versions/A/Frameworks/HIServices.framework/Versions/A/HIServices
0x00007fff2ecf6000 	/System/Library/Frameworks/ApplicationServices.framework/Versions/A/Frameworks/LangAnalysis.framework/Versions/A/LangAnalysis
0x00007fff2ed05000 	/System/Library/Frameworks/ApplicationServices.framework/Versions/A/Frameworks/PrintCore.framework/Versions/A/PrintCore
0x00007fff2ed52000 	/System/Library/Frameworks/ApplicationServices.framework/Versions/A/Frameworks/QD.framework/Versions/A/QD
0x00007fff2ed8d000 	/System/Library/Frameworks/ApplicationServices.framework/Versions/A/Frameworks/SpeechSynthesis.framework/Versions/A/SpeechSynthesis
0x00007fff302db000 	/System/Library/Frameworks/CoreDisplay.framework/Versions/A/CoreDisplay
0x00007fff2c953000 	/System/Library/Frameworks/Accelerate.framework/Versions/A/Frameworks/vImage.framework/Versions/A/vImage
0x00007fff2d6ad000 	/System/Library/Frameworks/Accelerate.framework/Versions/A/Frameworks/vecLib.framework/Versions/A/vecLib
0x00007fff2d44d000 	/System/Library/Frameworks/Accelerate.framework/Versions/A/Frameworks/vecLib.framework/Versions/A/libvDSP.dylib
0x00007fff2cfad000 	/System/Library/Frameworks/Accelerate.framework/Versions/A/Frameworks/vecLib.framework/Versions/A/libBNNS.dylib
0x00007fff2d3b2000 	/System/Library/Frameworks/Accelerate.framework/Versions/A/Frameworks/vecLib.framework/Versions/A/libQuadrature.dylib
0x00007fff2d5fb000 	/System/Library/Frameworks/Accelerate.framework/Versions/A/Frameworks/vecLib.framework/Versions/A/libvMisc.dylib
0x00007fff2cfdc000 	/System/Library/Frameworks/Accelerate.framework/Versions/A/Frameworks/vecLib.framework/Versions/A/libLAPACK.dylib
0x00007fff2ce52000 	/System/Library/Frameworks/Accelerate.framework/Versions/A/Frameworks/vecLib.framework/Versions/A/libBLAS.dylib
0x00007fff2d39c000 	/System/Library/Frameworks/Accelerate.framework/Versions/A/Frameworks/vecLib.framework/Versions/A/libLinearAlgebra.dylib
0x00007fff2d3b8000 	/System/Library/Frameworks/Accelerate.framework/Versions/A/Frameworks/vecLib.framework/Versions/A/libSparse.dylib
0x00007fff2d439000 	/System/Library/Frameworks/Accelerate.framework/Versions/A/Frameworks/vecLib.framework/Versions/A/libSparseBLAS.dylib
0x00007fff4940e000 	/System/Library/PrivateFrameworks/GPUWrangler.framework/Versions/A/GPUWrangler
0x00007fff4ab8b000 	/System/Library/PrivateFrameworks/IOAccelerator.framework/Versions/A/IOAccelerator
0x00007fff4ab96000 	/System/Library/PrivateFrameworks/IOPresentment.framework/Versions/A/IOPresentment
0x00007fff44c47000 	/System/Library/PrivateFrameworks/DSExternalDisplay.framework/Versions/A/DSExternalDisplay
0x00007fff39d86000 	/System/Library/Frameworks/OpenGL.framework/Versions/A/Libraries/libCoreFSCache.dylib
0x00007fff3200e000 	/System/Library/Frameworks/CoreVideo.framework/Versions/A/CoreVideo
0x00007fff4a189000 	/System/Library/PrivateFrameworks/GraphVisualizer.framework/Versions/A/GraphVisualizer
0x00007fff34d90000 	/System/Library/Frameworks/MetalPerformanceShaders.framework/Versions/A/MetalPerformanceShaders
0x00007fff56141000 	/usr/lib/libFosl_dynamic.dylib
0x00007fff45d18000 	/System/Library/PrivateFrameworks/FaceCore.framework/Versions/A/FaceCore
0x00007fff38b8d000 	/System/Library/Frameworks/OpenCL.framework/Versions/A/OpenCL
0x00007fff56742000 	/usr/lib/libcompression.dylib
0x00007fff2e950000 	/System/Library/Frameworks/ApplicationServices.framework/Versions/A/Frameworks/ATS.framework/Versions/A/Resources/libFontParser.dylib
0x00007fff2ea73000 	/System/Library/Frameworks/ApplicationServices.framework/Versions/A/Frameworks/ATS.framework/Versions/A/Resources/libFontRegistry.dylib
0x00007fff32f53000 	/System/Library/Frameworks/ImageIO.framework/Versions/A/Resources/libJPEG.dylib
0x00007fff3327c000 	/System/Library/Frameworks/ImageIO.framework/Versions/A/Resources/libTIFF.dylib
0x00007fff33252000 	/System/Library/Frameworks/ImageIO.framework/Versions/A/Resources/libPng.dylib
0x00007fff32e66000 	/System/Library/Frameworks/ImageIO.framework/Versions/A/Resources/libGIF.dylib
0x00007fff32e6b000 	/System/Library/Frameworks/ImageIO.framework/Versions/A/Resources/libJP2.dylib
0x00007fff33279000 	/System/Library/Frameworks/ImageIO.framework/Versions/A/Resources/libRadiance.dylib
0x00007fff406fd000 	/System/Library/PrivateFrameworks/AppleJPEG.framework/Versions/A/AppleJPEG
0x00007fff34bf7000 	/System/Library/Frameworks/MetalPerformanceShaders.framework/Frameworks/MPSCore.framework/Versions/A/MPSCore
0x00007fff34c13000 	/System/Library/Frameworks/MetalPerformanceShaders.framework/Frameworks/MPSImage.framework/Versions/A/MPSImage
0x00007fff34ca8000 	/System/Library/Frameworks/MetalPerformanceShaders.framework/Frameworks/MPSNeuralNetwork.framework/Versions/A/MPSNeuralNetwork
0x00007fff34c83000 	/System/Library/Frameworks/MetalPerformanceShaders.framework/Frameworks/MPSMatrix.framework/Versions/A/MPSMatrix
0x00007fff4c059000 	/System/Library/PrivateFrameworks/MetalTools.framework/Versions/A/MetalTools
0x00007fff39f50000 	/System/Library/Frameworks/OpenGL.framework/Versions/A/Libraries/libGLU.dylib
0x00007fff39d91000 	/System/Library/Frameworks/OpenGL.framework/Versions/A/Libraries/libGFXShared.dylib
0x00007fff39d9b000 	/System/Library/Frameworks/OpenGL.framework/Versions/A/Libraries/libGL.dylib
0x00007fff39da7000 	/System/Library/Frameworks/OpenGL.framework/Versions/A/Libraries/libGLImage.dylib
0x00007fff39d83000 	/System/Library/Frameworks/OpenGL.framework/Versions/A/Libraries/libCVMSPluginSupport.dylib
0x00007fff39d8c000 	/System/Library/Frameworks/OpenGL.framework/Versions/A/Libraries/libCoreVMClient.dylib
0x00007fff56eee000 	/usr/lib/libcups.2.dylib
0x00007fff34166000 	/System/Library/Frameworks/Kerberos.framework/Versions/A/Kerberos
0x00007fff3294b000 	/System/Library/Frameworks/GSS.framework/Versions/A/GSS
0x00007fff57fe9000 	/usr/lib/libresolv.9.dylib
0x00007fff570ec000 	/usr/lib/libiconv.2.dylib
0x00007fff4a21b000 	/System/Library/PrivateFrameworks/Heimdal.framework/Versions/A/Heimdal
0x00007fff570bb000 	/usr/lib/libheimdal-asn1.dylib
0x00007fff38bf9000 	/System/Library/Frameworks/OpenDirectory.framework/Versions/A/OpenDirectory
0x00007fff42a0d000 	/System/Library/PrivateFrameworks/CommonAuth.framework/Versions/A/CommonAuth
0x00007fff38bdc000 	/System/Library/Frameworks/OpenDirectory.framework/Versions/A/Frameworks/CFOpenDirectory.framework/Versions/A/CFOpenDirectory
0x00007fff3c50c000 	/System/Library/Frameworks/SecurityFoundation.framework/Versions/A/SecurityFoundation
0x00007fff3f8d4000 	/System/Library/PrivateFrameworks/APFS.framework/Versions/A/APFS
0x00007fff5841e000 	/usr/lib/libutil.dylib
0x00007fff40780000 	/System/Library/PrivateFrameworks/AppleSauce.framework/Versions/A/AppleSauce
0x00007fff4b373000 	/System/Library/PrivateFrameworks/LinguisticData.framework/Versions/A/LinguisticData
0x00007fff5746e000 	/usr/lib/libmarisa.dylib
0x00007fff4b32d000 	/System/Library/PrivateFrameworks/Lexicon.framework/Versions/A/Lexicon
0x00007fff5606c000 	/usr/lib/libChineseTokenizer.dylib
0x00007fff56731000 	/usr/lib/libcmph.dylib
0x00007fff4b237000 	/System/Library/PrivateFrameworks/LanguageModeling.framework/Versions/A/LanguageModeling
0x00007fff43519000 	/System/Library/PrivateFrameworks/CoreEmoji.framework/Versions/A/CoreEmoji
0x00007fff3c5ca000 	/System/Library/Frameworks/ServiceManagement.framework/Versions/A/ServiceManagement
0x00007fff40fc8000 	/System/Library/PrivateFrameworks/BackgroundTaskManagement.framework/Versions/A/BackgroundTaskManagement
0x00007fff5851b000 	/usr/lib/libxslt.1.dylib
0x00007fff2fa0f000 	/System/Library/Frameworks/Carbon.framework/Versions/A/Frameworks/Ink.framework/Versions/A/Ink
0x00007fff543ba000 	/System/Library/PrivateFrameworks/TextureIO.framework/Versions/A/TextureIO
0x00007fff56556000 	/usr/lib/libate.dylib
0x00007fff44ba7000 	/System/Library/PrivateFrameworks/CrashReporterSupport.framework/Versions/A/CrashReporterSupport
0x00007fff51713000 	/System/Library/PrivateFrameworks/Sharing.framework/Versions/A/Sharing
0x00007fff4af79000 	/System/Library/PrivateFrameworks/IconServices.framework/Versions/A/IconServices
0x00007fff40582000 	/System/Library/PrivateFrameworks/Apple80211.framework/Versions/A/Apple80211
0x00007fff449bd000 	/System/Library/PrivateFrameworks/CoreUtils.framework/Versions/A/CoreUtils
0x00007fff32049000 	/System/Library/Frameworks/CoreWLAN.framework/Versions/A/CoreWLAN
0x00007fff32a8d000 	/System/Library/Frameworks/IOBluetooth.framework/Versions/A/IOBluetooth
0x00007fff4fbdf000 	/System/Library/PrivateFrameworks/ProtocolBuffer.framework/Versions/A/ProtocolBuffer
0x00007fff44b42000 	/System/Library/PrivateFrameworks/CoreWiFi.framework/Versions/A/CoreWiFi
0x00007fff2ff5a000 	/System/Library/Frameworks/CoreBluetooth.framework/Versions/A/CoreBluetooth
0x00007fff44d91000 	/System/Library/PrivateFrameworks/DebugSymbols.framework/Versions/A/DebugSymbols
0x00007fff44774000 	/System/Library/PrivateFrameworks/CoreSymbolication.framework/Versions/A/CoreSymbolication
0x00007fff53bac000 	/System/Library/PrivateFrameworks/Symbolication.framework/Versions/A/Symbolication
0x00007fff405ac000 	/System/Library/PrivateFrameworks/AppleFSCompression.framework/Versions/A/AppleFSCompression
0x00007fff52ffb000 	/System/Library/PrivateFrameworks/SpeechRecognitionCore.framework/Versions/A/SpeechRecognitionCore
0x0000000104000000 	/Library/Java/JavaVirtualMachines/jdk1.8.0_172.jdk/Contents/Home/jre/lib/server/libjvm.dylib
0x00007fff582eb000 	/usr/lib/libstdc++.6.0.9.dylib
0x000000010347e000 	/Library/Java/JavaVirtualMachines/jdk1.8.0_172.jdk/Contents/Home/jre/lib/libverify.dylib
0x000000010348c000 	/Library/Java/JavaVirtualMachines/jdk1.8.0_172.jdk/Contents/Home/jre/lib/libjava.dylib
0x000000010350c000 	/Library/Java/JavaVirtualMachines/jdk1.8.0_172.jdk/Contents/Home/jre/lib/libzip.dylib
0x000000012a17c000 	/Users/stefika/Repositories/quorumstudio/QuorumStudio/Run/jni/libGameEngineCPlugins.so
0x000000012a1cc000 	/Users/stefika/Repositories/quorumstudio/QuorumStudio/Run/jni/libfreetype.dylib

VM Arguments:
jvm_args: -Dsodbeans=1 
java_command: Run/Quorum Studio 1.0.jar
java_class_path (initial): Run/Quorum Studio 1.0.jar
Launcher Type: SUN_STANDARD

Environment Variables:
PATH=/usr/bin:/bin:/usr/sbin:/sbin
LD_LIBRARY_PATH=/Library/Java/JavaVirtualMachines/jdk1.8.0_172.jdk/Contents/Home/jre/lib/amd64:/Library/Java/JavaVirtualMachines/jdk1.8.0_172.jdk/Contents/Home/jre/lib/i386:
SHELL=/bin/bash

Signal Handlers:
SIGSEGV: [libjvm.dylib+0x5b6fd9], sa_mask[0]=11111111011111110111111111111111, sa_flags=SA_ONSTACK|SA_RESTART|SA_SIGINFO
SIGBUS: [libjvm.dylib+0x5b6fd9], sa_mask[0]=11111111011111110111111111111111, sa_flags=SA_RESTART|SA_SIGINFO
SIGFPE: [libjvm.dylib+0x48c8e8], sa_mask[0]=11111111011111110111111111111111, sa_flags=SA_RESTART|SA_SIGINFO
SIGPIPE: [libjvm.dylib+0x48c8e8], sa_mask[0]=11111111011111110111111111111111, sa_flags=SA_RESTART|SA_SIGINFO
SIGXFSZ: [libjvm.dylib+0x48c8e8], sa_mask[0]=11111111011111110111111111111111, sa_flags=SA_RESTART|SA_SIGINFO
SIGILL: [libjvm.dylib+0x48c8e8], sa_mask[0]=11111111011111110111111111111111, sa_flags=SA_RESTART|SA_SIGINFO
SIGUSR1: SIG_DFL, sa_mask[0]=00000000000000000000000000000000, sa_flags=none
SIGUSR2: [libjvm.dylib+0x48c406], sa_mask[0]=00100000000000000000000000000000, sa_flags=SA_RESTART|SA_SIGINFO
SIGHUP: [libjvm.dylib+0x48a9d1], sa_mask[0]=11111111011111110111111111111111, sa_flags=SA_RESTART|SA_SIGINFO
SIGINT: SIG_IGN, sa_mask[0]=00000000000000000000000000000000, sa_flags=none
SIGTERM: [libjvm.dylib+0x48a9d1], sa_mask[0]=11111111011111110111111111111111, sa_flags=SA_RESTART|SA_SIGINFO
SIGQUIT: [libjvm.dylib+0x48a9d1], sa_mask[0]=11111111011111110111111111111111, sa_flags=SA_RESTART|SA_SIGINFO


---------------  S Y S T E M  ---------------

OS:Bsduname:Darwin 17.5.0 Darwin Kernel Version 17.5.0: Mon Mar  5 22:24:32 PST 2018; root:xnu-4570.51.1~1/RELEASE_X86_64 x86_64
rlimit: STACK 8192k, CORE 0k, NPROC 2837, NOFILE 10240, AS infinity
load average:2.22 2.13 2.06

CPU:total 4 (initial active 4) (4 cores per cpu, 1 threads per core) family 6 model 94 stepping 3, cmov, cx8, fxsr, mmx, sse, sse2, sse3, ssse3, sse4.1, sse4.2, popcnt, avx, avx2, aes, clmul, erms, rtm, 3dnowpref, lzcnt, tsc, tscinvbit, bmi1, bmi2, adx

Memory: 4k page, physical 33554432k(2953088k free)

/proc/meminfo:


vm_info: Java HotSpot(TM) 64-Bit Server VM (25.172-b11) for bsd-amd64 JRE (1.8.0_172-b11), built on Mar 28 2018 15:38:02 by "java_re" with gcc 4.2.1 (Based on Apple Inc. build 5658) (LLVM build 2336.11.00)

time: Thu May 31 13:22:14 2018
elapsed time: 0 seconds (0d 0h 0m 0s)

